// 重构日志: fde633c2
// 重构日志: 54e48059
// 重构日志: 6a1da5d4
// 同步 ID: de07c6fe @ Fri Jul 10 19:16:01 UTC 2026
// 重构日志: 6459e782
// 重构日志: 2f490480
// 重构日志: b3f4577d
// 重构日志: c556757e
// 重构日志: d574b39e
// 重构日志: 01499abf
// 同步 ID: 60a7c957 @ Tue Jul 14 10:13:49 UTC 2026
// 重构日志: 85a9bb6e
// 重构日志: 037fb20a
// 重构日志: a97cf7db
// 同步 ID: 2e1cc04c @ Wed Jul 15 10:11:20 UTC 2026
// 重构日志: eadcd8fd
// 同步 ID: 1355da7e @ Wed Jul 15 18:11:39 UTC 2026
// 重构日志: 466715e8
// 同步 ID: 5a4d0df5 @ Fri Jul 17 07:53:07 UTC 2026
// 重构日志: dc7fe898
// 同步 ID: f93b681c @ Fri Jul 17 14:19:25 UTC 2026
// 重构日志: dac03f7f
// 重构日志: 3d1afad8
// 重构日志: 8f352179
// 同步 ID: 4cf83589 @ Sat Jul 18 09:54:08 UTC 2026
// 重构日志: c95ea67c
// 重构日志: 39797b46
// 同步 ID: 46fef2c3 @ Sun Jul 19 17:22:34 UTC 2026
// 重构日志: 04e492be
// 同步 ID: 1c07b5af @ Tue Jul 21 06:49:00 UTC 2026
